<?xml version="1.0" encoding="UTF-8"?>
<testsuite xmlns:xsi="http://www.w3.org/2001/XMLSchema-instance" xsi:noNamespaceSchemaLocation="https://maven.apache.org/surefire/maven-surefire-plugin/xsd/surefire-test-report.xsd" name="com.oumarket.tester01.NhanVienTestSuite" time="0.629" tests="8" errors="0" skipped="0" failures="2">
  <properties>
    <property name="java.specification.version" value="17"/>
    <property name="sun.cpu.isalist" value="amd64"/>
    <property name="sun.jnu.encoding" value="Cp1252"/>
    <property name="java.class.path" value="C:\Study\Nam3\HocKi2\KiemThuPhanMem\BaiTapLon\QuanLyChuoiSieuThiBanLe\QuanLyChuoiSieuThiBanLe\target\test-classes;C:\Users\anhtu\.m2\repository\org\openjfx\javafx-controls\13\javafx-controls-13.jar;C:\Users\anhtu\.m2\repository\org\openjfx\javafx-graphics\13\javafx-graphics-13.jar;C:\Users\anhtu\.m2\repository\org\openjfx\javafx-base\13\javafx-base-13.jar;C:\Users\anhtu\.m2\repository\org\openjfx\javafx-fxml\13\javafx-fxml-13.jar;C:\Users\anhtu\.m2\repository\org\junit\jupiter\junit-jupiter-engine\5.8.2\junit-jupiter-engine-5.8.2.jar;C:\Users\anhtu\.m2\repository\org\junit\platform\junit-platform-engine\1.8.2\junit-platform-engine-1.8.2.jar;C:\Users\anhtu\.m2\repository\org\opentest4j\opentest4j\1.2.0\opentest4j-1.2.0.jar;C:\Users\anhtu\.m2\repository\org\junit\platform\junit-platform-commons\1.8.2\junit-platform-commons-1.8.2.jar;C:\Users\anhtu\.m2\repository\org\junit\jupiter\junit-jupiter-api\5.8.2\junit-jupiter-api-5.8.2.jar;C:\Users\anhtu\.m2\repository\org\apiguardian\apiguardian-api\1.1.2\apiguardian-api-1.1.2.jar;C:\Users\anhtu\.m2\repository\org\junit\jupiter\junit-jupiter-params\5.8.2\junit-jupiter-params-5.8.2.jar;C:\Users\anhtu\.m2\repository\mysql\mysql-connector-java\8.0.28\mysql-connector-java-8.0.28.jar;C:\Users\anhtu\.m2\repository\com\google\protobuf\protobuf-java\3.11.4\protobuf-java-3.11.4.jar;"/>
    <property name="java.vm.vendor" value="Oracle Corporation"/>
    <property name="sun.arch.data.model" value="64"/>
    <property name="user.variant" value=""/>
    <property name="java.vendor.url" value="https://java.oracle.com/"/>
    <property name="user.timezone" value="Asia/Bangkok"/>
    <property name="os.name" value="Windows 11"/>
    <property name="java.vm.specification.version" value="17"/>
    <property name="user.country" value="US"/>
    <property name="sun.java.launcher" value="SUN_STANDARD"/>
    <property name="sun.boot.library.path" value="C:\Program Files\Java\jdk-17.0.2\bin"/>
    <property name="sun.java.command" value="org.apache.maven.surefire.booter.ForkedBooter C:\Users\anhtu\AppData\Local\Temp\surefire12614660488408534413 2022-04-21T21-17-04_839-jvmRun1 surefire11444251365664474765tmp surefire_06189444434021917048tmp"/>
    <property name="jdk.debug" value="release"/>
    <property name="test" value="com.oumarket.tester01.NhanVienTestSuite"/>
    <property name="surefire.test.class.path" value="C:\Study\Nam3\HocKi2\KiemThuPhanMem\BaiTapLon\QuanLyChuoiSieuThiBanLe\QuanLyChuoiSieuThiBanLe\target\test-classes;C:\Users\anhtu\.m2\repository\org\openjfx\javafx-controls\13\javafx-controls-13.jar;C:\Users\anhtu\.m2\repository\org\openjfx\javafx-graphics\13\javafx-graphics-13.jar;C:\Users\anhtu\.m2\repository\org\openjfx\javafx-base\13\javafx-base-13.jar;C:\Users\anhtu\.m2\repository\org\openjfx\javafx-fxml\13\javafx-fxml-13.jar;C:\Users\anhtu\.m2\repository\org\junit\jupiter\junit-jupiter-engine\5.8.2\junit-jupiter-engine-5.8.2.jar;C:\Users\anhtu\.m2\repository\org\junit\platform\junit-platform-engine\1.8.2\junit-platform-engine-1.8.2.jar;C:\Users\anhtu\.m2\repository\org\opentest4j\opentest4j\1.2.0\opentest4j-1.2.0.jar;C:\Users\anhtu\.m2\repository\org\junit\platform\junit-platform-commons\1.8.2\junit-platform-commons-1.8.2.jar;C:\Users\anhtu\.m2\repository\org\junit\jupiter\junit-jupiter-api\5.8.2\junit-jupiter-api-5.8.2.jar;C:\Users\anhtu\.m2\repository\org\apiguardian\apiguardian-api\1.1.2\apiguardian-api-1.1.2.jar;C:\Users\anhtu\.m2\repository\org\junit\jupiter\junit-jupiter-params\5.8.2\junit-jupiter-params-5.8.2.jar;C:\Users\anhtu\.m2\repository\mysql\mysql-connector-java\8.0.28\mysql-connector-java-8.0.28.jar;C:\Users\anhtu\.m2\repository\com\google\protobuf\protobuf-java\3.11.4\protobuf-java-3.11.4.jar;"/>
    <property name="sun.cpu.endian" value="little"/>
    <property name="user.home" value="C:\Users\anhtu"/>
    <property name="user.language" value="en"/>
    <property name="java.specification.vendor" value="Oracle Corporation"/>
    <property name="jdk.module.path" value="C:\Study\Nam3\HocKi2\KiemThuPhanMem\BaiTapLon\QuanLyChuoiSieuThiBanLe\QuanLyChuoiSieuThiBanLe\target\classes;C:\Users\anhtu\.m2\repository\org\openjfx\javafx-controls\13\javafx-controls-13-win.jar;C:\Users\anhtu\.m2\repository\org\openjfx\javafx-graphics\13\javafx-graphics-13-win.jar;C:\Users\anhtu\.m2\repository\org\openjfx\javafx-base\13\javafx-base-13-win.jar;C:\Users\anhtu\.m2\repository\org\openjfx\javafx-fxml\13\javafx-fxml-13-win.jar"/>
    <property name="java.version.date" value="2022-01-18"/>
    <property name="java.home" value="C:\Program Files\Java\jdk-17.0.2"/>
    <property name="file.separator" value="\"/>
    <property name="basedir" value="C:\Study\Nam3\HocKi2\KiemThuPhanMem\BaiTapLon\QuanLyChuoiSieuThiBanLe\QuanLyChuoiSieuThiBanLe"/>
    <property name="java.vm.compressedOopsMode" value="Zero based"/>
    <property name="line.separator" value="&#10;"/>
    <property name="java.vm.specification.vendor" value="Oracle Corporation"/>
    <property name="java.specification.name" value="Java Platform API Specification"/>
    <property name="surefire.real.class.path" value="C:\Users\anhtu\.m2\repository\org\apache\maven\surefire\surefire-booter\2.22.2\surefire-booter-2.22.2.jar;C:\Users\anhtu\.m2\repository\org\apache\maven\surefire\surefire-api\2.22.2\surefire-api-2.22.2.jar;C:\Users\anhtu\.m2\repository\org\apache\maven\surefire\surefire-logger-api\2.22.2\surefire-logger-api-2.22.2.jar;C:\Study\Nam3\HocKi2\KiemThuPhanMem\BaiTapLon\QuanLyChuoiSieuThiBanLe\QuanLyChuoiSieuThiBanLe\target\test-classes;C:\Users\anhtu\.m2\repository\org\openjfx\javafx-controls\13\javafx-controls-13.jar;C:\Users\anhtu\.m2\repository\org\openjfx\javafx-graphics\13\javafx-graphics-13.jar;C:\Users\anhtu\.m2\repository\org\openjfx\javafx-base\13\javafx-base-13.jar;C:\Users\anhtu\.m2\repository\org\openjfx\javafx-fxml\13\javafx-fxml-13.jar;C:\Users\anhtu\.m2\repository\org\junit\jupiter\junit-jupiter-engine\5.8.2\junit-jupiter-engine-5.8.2.jar;C:\Users\anhtu\.m2\repository\org\junit\platform\junit-platform-engine\1.8.2\junit-platform-engine-1.8.2.jar;C:\Users\anhtu\.m2\repository\org\opentest4j\opentest4j\1.2.0\opentest4j-1.2.0.jar;C:\Users\anhtu\.m2\repository\org\junit\platform\junit-platform-commons\1.8.2\junit-platform-commons-1.8.2.jar;C:\Users\anhtu\.m2\repository\org\junit\jupiter\junit-jupiter-api\5.8.2\junit-jupiter-api-5.8.2.jar;C:\Users\anhtu\.m2\repository\org\apiguardian\apiguardian-api\1.1.2\apiguardian-api-1.1.2.jar;C:\Users\anhtu\.m2\repository\org\junit\jupiter\junit-jupiter-params\5.8.2\junit-jupiter-params-5.8.2.jar;C:\Users\anhtu\.m2\repository\mysql\mysql-connector-java\8.0.28\mysql-connector-java-8.0.28.jar;C:\Users\anhtu\.m2\repository\com\google\protobuf\protobuf-java\3.11.4\protobuf-java-3.11.4.jar;C:\Users\anhtu\.m2\repository\org\apache\maven\surefire\surefire-junit-platform\2.22.2\surefire-junit-platform-2.22.2.jar;C:\Users\anhtu\.m2\repository\org\junit\platform\junit-platform-launcher\1.3.1\junit-platform-launcher-1.3.1.jar"/>
    <property name="user.script" value=""/>
    <property name="sun.management.compiler" value="HotSpot 64-Bit Tiered Compilers"/>
    <property name="java.runtime.version" value="17.0.2+8-LTS-86"/>
    <property name="user.name" value="anhtuan"/>
    <property name="path.separator" value=";"/>
    <property name="os.version" value="10.0"/>
    <property name="java.runtime.name" value="Java(TM) SE Runtime Environment"/>
    <property name="file.encoding" value="UTF-8"/>
    <property name="java.vm.name" value="Java HotSpot(TM) 64-Bit Server VM"/>
    <property name="maven.ext.class.path" value="C:\Program Files\NetBeans-12.6\netbeans\java\maven-nblib\netbeans-eventspy.jar"/>
    <property name="localRepository" value="C:\Users\anhtu\.m2\repository"/>
    <property name="java.vendor.url.bug" value="https://bugreport.java.com/bugreport/"/>
    <property name="java.io.tmpdir" value="C:\Users\anhtu\AppData\Local\Temp\"/>
    <property name="java.version" value="17.0.2"/>
    <property name="user.dir" value="C:\Study\Nam3\HocKi2\KiemThuPhanMem\BaiTapLon\QuanLyChuoiSieuThiBanLe\QuanLyChuoiSieuThiBanLe"/>
    <property name="os.arch" value="amd64"/>
    <property name="java.vm.specification.name" value="Java Virtual Machine Specification"/>
    <property name="sun.os.patch.level" value=""/>
    <property name="native.encoding" value="Cp1252"/>
    <property name="java.library.path" value="C:\Program Files\Java\jdk-17.0.2\bin;C:\WINDOWS\Sun\Java\bin;C:\WINDOWS\system32;C:\WINDOWS;C:\Program Files\Microsoft MPI\Bin\;C:\Program Files (x86)\VMware\VMware Workstation\bin\;C:\Program Files\Common Files\Oracle\Java\javapath;C:\Program Files (x86)\Common Files\Intel\Shared Libraries\redist\intel64\compiler;C:\Windows\system32;C:\Windows;C:\Windows\System32\Wbem;C:\Windows\System32\WindowsPowerShell\v1.0\;C:\Windows\System32\OpenSSH\;C:\Program Files\NVIDIA Corporation\NVIDIA NvDLISR;C:\Program Files (x86)\NVIDIA Corporation\PhysX\Common;C:\Program Files\Microsoft SQL Server\Client SDK\ODBC\170\Tools\Binn\;C:\Program Files (x86)\Microsoft SQL Server\150\Tools\Binn\;C:\Program Files\Microsoft SQL Server\150\Tools\Binn\;C:\Program Files\Microsoft SQL Server\150\DTS\Binn\;C:\WINDOWS\system32;C:\WINDOWS;C:\WINDOWS\System32\Wbem;C:\WINDOWS\System32\WindowsPowerShell\v1.0\;C:\WINDOWS\System32\OpenSSH\;C:\Program Files\Git\cmd;C:\Program Files\nodejs\;C:\Program Files (x86)\Microsoft SQL Server\150\DTS\Binn\;C:\Program Files\Azure Data Studio\bin;C:\Program Files\dotnet\;C:\Program Files\Cloudflare\Cloudflare WARP\;C:\Users\anhtu\AppData\Roaming\npm;C:\Users\anhtu\AppData\Local\Microsoft\WindowsApps;C:\Program Files\Azure Data Studio\bin;C:\Users\anhtu\AppData\Local\Programs\Microsoft VS Code\bin;;C:\Program Files\Azure Data Studio\bin;C:\Users\anhtu\.dotnet\tools;."/>
    <property name="java.vm.info" value="mixed mode"/>
    <property name="java.vendor" value="Oracle Corporation"/>
    <property name="java.vm.version" value="17.0.2+8-LTS-86"/>
    <property name="sun.io.unicode.encoding" value="UnicodeLittle"/>
    <property name="java.class.version" value="61.0"/>
  </properties>
  <testcase name="testEditFail" classname="com.oumarket.tester01.NhanVienTestSuite" time="0.054"/>
  <testcase name="testSearchUnscure" classname="com.oumarket.tester01.NhanVienTestSuite" time="0.031"/>
  <testcase name="testAddSuccess" classname="com.oumarket.tester01.NhanVienTestSuite" time="0.049"/>
  <testcase name="testEditSuccess" classname="com.oumarket.tester01.NhanVienTestSuite" time="0.029">
    <failure message="expected: &lt;true&gt; but was: &lt;false&gt;" type="org.opentest4j.AssertionFailedError"><![CDATA[org.opentest4j.AssertionFailedError: expected: <true> but was: <false>
	at com.oumarket.quanlychuoisieuthibanle/com.oumarket.tester01.NhanVienTestSuite.testEditSuccess(NhanVienTestSuite.java:106)
]]></failure>
  </testcase>
  <testcase name="testDeleteSuccess" classname="com.oumarket.tester01.NhanVienTestSuite" time="0.02">
    <failure message="expected: &lt;true&gt; but was: &lt;false&gt;" type="org.opentest4j.AssertionFailedError"><![CDATA[org.opentest4j.AssertionFailedError: expected: <true> but was: <false>
	at com.oumarket.quanlychuoisieuthibanle/com.oumarket.tester01.NhanVienTestSuite.testDeleteSuccess(NhanVienTestSuite.java:84)
]]></failure>
  </testcase>
  <testcase name="testSearchSuccessful" classname="com.oumarket.tester01.NhanVienTestSuite" time="0.022"/>
  <testcase name="testSearchInvalid" classname="com.oumarket.tester01.NhanVienTestSuite" time="0.02"/>
  <testcase name="testDeleteFail" classname="com.oumarket.tester01.NhanVienTestSuite" time="0.02"/>
</testsuite>